<?xml version="1.0" encoding="UTF-8"?>
<!-- Generated by org.testng.reporters.JUnitReportReporter -->
<testsuite skipped="0" hostname="vikasahuja-PC" name="org.automation.testingworld.testcases.TC_002_Validate_Registration_Functionality" tests="2" failures="0" timestamp="29 Jan 2019 15:10:33 GMT" time="51.506" errors="0">
  <testcase name="tc_002_register_new_user" time="16.162" classname="org.automation.testingworld.testcases.TC_002_Validate_Registration_Functionality"/>
  <testcase name="tc_002_register_new_user" time="35.344" classname="org.automation.testingworld.testcases.TC_002_Validate_Registration_Functionality"/>
</testsuite> <!-- org.automation.testingworld.testcases.TC_002_Validate_Registration_Functionality -->
