<?xml version="1.0" encoding="UTF-8"?>
<!-- Generated by org.testng.reporters.JUnitReportReporter -->
<testsuite skipped="0" hostname="vikasahuja-PC" name="org.automation.testingworld.testcases.TC_001_ValidateLoginFunctionality_dataproviderinSeperateclass_with_Excel" tests="4" failures="0" timestamp="29 Jan 2019 15:29:30 GMT" time="83.843" errors="0">
  <testcase name="tc_001_login_functionality" time="19.781" classname="org.automation.testingworld.testcases.TC_001_ValidateLoginFunctionality_dataproviderinSeperateclass_with_Excel"/>
  <testcase name="tc_001_login_functionality" time="20.326" classname="org.automation.testingworld.testcases.TC_001_ValidateLoginFunctionality_dataproviderinSeperateclass_with_Excel"/>
  <testcase name="tc_001_login_functionality" time="20.795" classname="org.automation.testingworld.testcases.TC_001_ValidateLoginFunctionality_dataproviderinSeperateclass_with_Excel"/>
  <testcase name="tc_001_login_functionality" time="22.941" classname="org.automation.testingworld.testcases.TC_001_ValidateLoginFunctionality_dataproviderinSeperateclass_with_Excel"/>
</testsuite> <!-- org.automation.testingworld.testcases.TC_001_ValidateLoginFunctionality_dataproviderinSeperateclass_with_Excel -->
