<?xml version="1.0" encoding="UTF-8"?>
<!-- Generated by org.testng.reporters.JUnitReportReporter -->
<testsuite skipped="0" hostname="vikasahuja-PC" name="org.automation.testingworld.testcases.TC_001_ValidateLoginFunctionality_dataprovider_with_Excel" tests="4" failures="0" timestamp="29 Jan 2019 13:49:39 GMT" time="84.301" errors="0">
  <testcase name="tc_001_login_functionality" time="19.463" classname="org.automation.testingworld.testcases.TC_001_ValidateLoginFunctionality_dataprovider_with_Excel"/>
  <testcase name="tc_001_login_functionality" time="27.015" classname="org.automation.testingworld.testcases.TC_001_ValidateLoginFunctionality_dataprovider_with_Excel"/>
  <testcase name="tc_001_login_functionality" time="21.539" classname="org.automation.testingworld.testcases.TC_001_ValidateLoginFunctionality_dataprovider_with_Excel"/>
  <testcase name="tc_001_login_functionality" time="16.284" classname="org.automation.testingworld.testcases.TC_001_ValidateLoginFunctionality_dataprovider_with_Excel"/>
</testsuite> <!-- org.automation.testingworld.testcases.TC_001_ValidateLoginFunctionality_dataprovider_with_Excel -->
